<?xml version="1.0" encoding="UTF-8"?>
<robot generator="Robot 7.2.2 (Python 3.13.3 on darwin)" generated="2025-05-18T18:57:48.019524" rpa="false" schemaversion="5">
<suite id="s1" name="Serve-Rest-Front" source="/Users/natanvicentibrasil/Documents/robot/RF-browser/tests/serve-rest-front.robot">
<test id="s1-t1" name="Abrir o navegador" line="6">
<kw name="Abrir o navegador" owner="serve-rest-front">
<kw name="New Browser" owner="Browser">
<msg time="2025-05-18T18:57:48.338242" level="INFO">{"browser": "chromium", "headless": false, "chromiumSandbox": false, "devtools": false, "handleSIGHUP": true, "handleSIGINT": true, "handleSIGTERM": true, "slowMo": 0.0, "timeout": 30000.0, "tracesDir": "/Users/natanvicentibrasil/Documents/robot/RF-browser/browser/traces/temp/2bcb828d-e30a-46ab-9bbe-128ddf9de5a7"}</msg>
<msg time="2025-05-18T18:57:48.374918" level="INFO">Starting Browser process /Library/Frameworks/Python.framework/Versions/3.13/lib/python3.13/site-packages/Browser/wrapper/index.js using at 127.0.0.1:49200</msg>
<msg time="2025-05-18T18:57:50.505387" level="INFO">Successfully created browser with options: {"browser":"chromium","headless":false,"chromiumSandbox":false,"devtools":false,"handleSIGHUP":true,"handleSIGINT":true,"handleSIGTERM":true,"slowMo":0,"timeout":30000,"tracesDir":"/Users/natanvicentibrasil/Documents/robot/RF-browser/browser/traces/temp/2bcb828d-e30a-46ab-9bbe-128ddf9de5a7"}</msg>
<arg>${BROWSER}</arg>
<arg>headless=${HEADLESS}</arg>
<tag>BrowserControl</tag>
<tag>Setter</tag>
<doc>Create a new playwright Browser with specified options.</doc>
<status status="PASS" start="2025-05-18T18:57:48.337579" elapsed="2.168233"/>
</kw>
<status status="PASS" start="2025-05-18T18:57:48.336687" elapsed="2.169556"/>
</kw>
<kw name="Ir para o site serverest" owner="serve-rest-front">
<kw name="New Page" owner="Browser">
<msg time="2025-05-18T18:57:53.456534" level="INFO">Successfully initialized new page object and opened url: https://front.serverest.dev/login</msg>
<msg time="2025-05-18T18:57:53.456688" level="INFO">No context was open. New context was automatically opened when this page is created.</msg>
<arg>${URL}</arg>
<tag>BrowserControl</tag>
<tag>Setter</tag>
<doc>Open a new Page.</doc>
<status status="PASS" start="2025-05-18T18:57:50.508003" elapsed="2.949104"/>
</kw>
<status status="PASS" start="2025-05-18T18:57:50.506927" elapsed="2.950358"/>
</kw>
<kw name="Preencher os dados do novo user e cadastrar" owner="serve-rest-front">
<kw name="Click" owner="Browser">
<msg time="2025-05-18T18:57:53.458818" level="INFO">Clicks the element 'css=.btn-link'.</msg>
<arg>css=.btn-link</arg>
<tag>PageContent</tag>
<tag>Setter</tag>
<doc>Simulates mouse click on the element found by ``selector``.</doc>
<status status="PASS" start="2025-05-18T18:57:53.458169" elapsed="0.300016"/>
</kw>
<kw name="Email" owner="FakerLibrary">
<msg time="2025-05-18T18:57:53.759213" level="INFO">${EMAIL} = matthew29@example.net</msg>
<var>${EMAIL}</var>
<status status="PASS" start="2025-05-18T18:57:53.758525" elapsed="0.000735"/>
</kw>
<kw name="Fill Text" owner="Browser">
<msg time="2025-05-18T18:57:53.759955" level="INFO">Fills the text 'Natan' in the given field.</msg>
<arg>[data-testid='nome']</arg>
<arg>Natan</arg>
<tag>PageContent</tag>
<tag>Setter</tag>
<doc>Clears and fills the given ``txt`` into the text field found by ``selector``.</doc>
<status status="PASS" start="2025-05-18T18:57:53.759426" elapsed="0.015929"/>
</kw>
<kw name="Fill Text" owner="Browser">
<msg time="2025-05-18T18:57:53.776650" level="INFO">Fills the text 'matthew29@example.net' in the given field.</msg>
<arg>[data-testid='email']</arg>
<arg>${EMAIL}</arg>
<tag>PageContent</tag>
<tag>Setter</tag>
<doc>Clears and fills the given ``txt`` into the text field found by ``selector``.</doc>
<status status="PASS" start="2025-05-18T18:57:53.775592" elapsed="0.013634"/>
</kw>
<kw name="Fill Text" owner="Browser">
<msg time="2025-05-18T18:57:53.790108" level="INFO">Fills the text '123456' in the given field.</msg>
<arg>[data-testid='password']</arg>
<arg>123456</arg>
<tag>PageContent</tag>
<tag>Setter</tag>
<doc>Clears and fills the given ``txt`` into the text field found by ``selector``.</doc>
<status status="PASS" start="2025-05-18T18:57:53.789466" elapsed="0.011204"/>
</kw>
<kw name="Check Checkbox" owner="Browser">
<arg>[data-testid='checkbox']</arg>
<tag>PageContent</tag>
<tag>Setter</tag>
<doc>Checks the checkbox or selects radio button found by ``selector``.</doc>
<status status="PASS" start="2025-05-18T18:57:53.800896" elapsed="0.051025"/>
</kw>
<kw name="Click" owner="Browser">
<msg time="2025-05-18T18:57:53.852729" level="INFO">Clicks the element '[data-testid='cadastrar']'.</msg>
<arg>[data-testid='cadastrar']</arg>
<tag>PageContent</tag>
<tag>Setter</tag>
<doc>Simulates mouse click on the element found by ``selector``.</doc>
<status status="PASS" start="2025-05-18T18:57:53.852139" elapsed="0.040369"/>
</kw>
<kw name="Sleep" owner="BuiltIn">
<msg time="2025-05-18T18:57:58.893775" level="INFO">Slept 5 seconds.</msg>
<arg>5s</arg>
<doc>Pauses the test executed for the given time.</doc>
<status status="PASS" start="2025-05-18T18:57:53.892726" elapsed="5.001319"/>
</kw>
<status status="PASS" start="2025-05-18T18:57:53.457660" elapsed="5.436666"/>
</kw>
<msg time="2025-05-18T18:57:58.916902" level="INFO">Switching context to context=728595f8-f554-4870-b5fa-1ef9c4abf4dd in CURRENT</msg>
<msg time="2025-05-18T18:57:58.930273" level="INFO">Successfully changed active context: context=728595f8-f554-4870-b5fa-1ef9c4abf4dd</msg>
<msg time="2025-05-18T18:57:58.971513" level="INFO">Successfully closed Context</msg>
<status status="PASS" start="2025-05-18T18:57:48.336063" elapsed="10.558659"/>
</test>
<status status="PASS" start="2025-05-18T18:57:48.021325" elapsed="10.951202"/>
</suite>
<statistics>
<total>
<stat pass="1" fail="0" skip="0">All Tests</stat>
</total>
<tag>
</tag>
<suite>
<stat name="Serve-Rest-Front" id="s1" pass="1" fail="0" skip="0">Serve-Rest-Front</stat>
</suite>
</statistics>
<errors>
</errors>
</robot>
